{"/Users/ozzy_chel/Projects/iMovieRate/App.js": {"path":"/Users/ozzy_chel/Projects/iMovieRate/App.js","statementMap":{"0":{"start":{"line":13,"column":12},"end":{"line":13,"column":66}},"1":{"start":{"line":17,"column":42},"end":{"line":17,"column":57}},"2":{"start":{"line":18,"column":38},"end":{"line":18,"column":54}},"3":{"start":{"line":19,"column":38},"end":{"line":19,"column":50}},"4":{"start":{"line":20,"column":48},"end":{"line":20,"column":60}},"5":{"start":{"line":21,"column":50},"end":{"line":21,"column":62}},"6":{"start":{"line":22,"column":42},"end":{"line":22,"column":54}},"7":{"start":{"line":23,"column":34},"end":{"line":23,"column":46}},"8":{"start":{"line":24,"column":44},"end":{"line":24,"column":56}},"9":{"start":{"line":25,"column":44},"end":{"line":25,"column":56}},"10":{"start":{"line":26,"column":42},"end":{"line":26,"column":54}},"11":{"start":{"line":27,"column":44},"end":{"line":27,"column":56}},"12":{"start":{"line":28,"column":40},"end":{"line":28,"column":51}},"13":{"start":{"line":29,"column":38},"end":{"line":29,"column":49}},"14":{"start":{"line":30,"column":36},"end":{"line":30,"column":51}},"15":{"start":{"line":31,"column":34},"end":{"line":31,"column":49}},"16":{"start":{"line":33,"column":2},"end":{"line":43,"column":9}},"17":{"start":{"line":34,"column":4},"end":{"line":34,"column":43}},"18":{"start":{"line":35,"column":27},"end":{"line":41,"column":5}},"19":{"start":{"line":36,"column":28},"end":{"line":36,"column":49}},"20":{"start":{"line":37,"column":32},"end":{"line":37,"column":51}},"21":{"start":{"line":38,"column":8},"end":{"line":38,"column":44}},"22":{"start":{"line":39,"column":8},"end":{"line":39,"column":45}},"23":{"start":{"line":40,"column":8},"end":{"line":40,"column":39}},"24":{"start":{"line":42,"column":4},"end":{"line":42,"column":21}},"25":{"start":{"line":45,"column":2},"end":{"line":49,"column":20}},"26":{"start":{"line":46,"column":4},"end":{"line":48,"column":5}},"27":{"start":{"line":47,"column":6},"end":{"line":47,"column":55}},"28":{"start":{"line":51,"column":22},"end":{"line":56,"column":3}},"29":{"start":{"line":52,"column":4},"end":{"line":52,"column":45}},"30":{"start":{"line":53,"column":17},"end":{"line":53,"column":40}},"31":{"start":{"line":54,"column":4},"end":{"line":54,"column":22}},"32":{"start":{"line":55,"column":4},"end":{"line":55,"column":16}},"33":{"start":{"line":58,"column":24},"end":{"line":62,"column":3}},"34":{"start":{"line":59,"column":4},"end":{"line":59,"column":47}},"35":{"start":{"line":60,"column":19},"end":{"line":60,"column":44}},"36":{"start":{"line":61,"column":4},"end":{"line":61,"column":26}},"37":{"start":{"line":64,"column":22},"end":{"line":69,"column":3}},"38":{"start":{"line":65,"column":4},"end":{"line":65,"column":59}},"39":{"start":{"line":66,"column":22},"end":{"line":66,"column":61}},"40":{"start":{"line":67,"column":4},"end":{"line":67,"column":59}},"41":{"start":{"line":67,"column":29},"end":{"line":67,"column":59}},"42":{"start":{"line":68,"column":4},"end":{"line":68,"column":61}},"43":{"start":{"line":68,"column":30},"end":{"line":68,"column":61}},"44":{"start":{"line":71,"column":24},"end":{"line":75,"column":3}},"45":{"start":{"line":72,"column":4},"end":{"line":72,"column":47}},"46":{"start":{"line":73,"column":23},"end":{"line":73,"column":52}},"47":{"start":{"line":74,"column":4},"end":{"line":74,"column":30}},"48":{"start":{"line":77,"column":27},"end":{"line":79,"column":3}},"49":{"start":{"line":78,"column":4},"end":{"line":78,"column":25}},"50":{"start":{"line":81,"column":27},"end":{"line":86,"column":3}},"51":{"start":{"line":82,"column":4},"end":{"line":82,"column":50}},"52":{"start":{"line":83,"column":15},"end":{"line":83,"column":30}},"53":{"start":{"line":84,"column":21},"end":{"line":84,"column":57}},"54":{"start":{"line":85,"column":4},"end":{"line":85,"column":44}},"55":{"start":{"line":85,"column":29},"end":{"line":85,"column":42}},"56":{"start":{"line":88,"column":20},"end":{"line":92,"column":3}},"57":{"start":{"line":89,"column":4},"end":{"line":89,"column":43}},"58":{"start":{"line":90,"column":16},"end":{"line":90,"column":47}},"59":{"start":{"line":91,"column":4},"end":{"line":91,"column":31}},"60":{"start":{"line":94,"column":22},"end":{"line":101,"column":3}},"61":{"start":{"line":95,"column":4},"end":{"line":95,"column":45}},"62":{"start":{"line":96,"column":28},"end":{"line":96,"column":47}},"63":{"start":{"line":97,"column":27},"end":{"line":97,"column":76}},"64":{"start":{"line":98,"column":4},"end":{"line":98,"column":46}},"65":{"start":{"line":99,"column":4},"end":{"line":99,"column":47}},"66":{"start":{"line":100,"column":4},"end":{"line":100,"column":41}},"67":{"start":{"line":103,"column":25},"end":{"line":107,"column":3}},"68":{"start":{"line":104,"column":4},"end":{"line":104,"column":48}},"69":{"start":{"line":105,"column":16},"end":{"line":105,"column":44}},"70":{"start":{"line":106,"column":4},"end":{"line":106,"column":20}},"71":{"start":{"line":109,"column":23},"end":{"line":118,"column":3}},"72":{"start":{"line":110,"column":4},"end":{"line":110,"column":46}},"73":{"start":{"line":111,"column":4},"end":{"line":111,"column":23}},"74":{"start":{"line":112,"column":28},"end":{"line":112,"column":72}},"75":{"start":{"line":113,"column":4},"end":{"line":113,"column":37}},"76":{"start":{"line":113,"column":27},"end":{"line":113,"column":35}},"77":{"start":{"line":114,"column":4},"end":{"line":114,"column":24}},"78":{"start":{"line":115,"column":4},"end":{"line":116,"column":26}},"79":{"start":{"line":115,"column":22},"end":{"line":115,"column":69}},"80":{"start":{"line":115,"column":47},"end":{"line":115,"column":67}},"81":{"start":{"line":116,"column":9},"end":{"line":116,"column":26}},"82":{"start":{"line":117,"column":4},"end":{"line":117,"column":24}},"83":{"start":{"line":120,"column":24},"end":{"line":122,"column":3}},"84":{"start":{"line":121,"column":4},"end":{"line":121,"column":54}},"85":{"start":{"line":124,"column":28},"end":{"line":128,"column":3}},"86":{"start":{"line":125,"column":4},"end":{"line":125,"column":22}},"87":{"start":{"line":126,"column":4},"end":{"line":126,"column":21}},"88":{"start":{"line":127,"column":4},"end":{"line":127,"column":25}},"89":{"start":{"line":130,"column":23},"end":{"line":136,"column":3}},"90":{"start":{"line":131,"column":4},"end":{"line":135,"column":5}},"91":{"start":{"line":132,"column":17},"end":{"line":132,"column":42}},"92":{"start":{"line":133,"column":6},"end":{"line":133,"column":30}},"93":{"start":{"line":134,"column":6},"end":{"line":134,"column":29}},"94":{"start":{"line":138,"column":21},"end":{"line":140,"column":3}},"95":{"start":{"line":139,"column":4},"end":{"line":139,"column":26}},"96":{"start":{"line":143,"column":2},"end":{"line":143,"column":54}},"97":{"start":{"line":144,"column":2},"end":{"line":144,"column":76}},"98":{"start":{"line":145,"column":2},"end":{"line":145,"column":59}},"99":{"start":{"line":146,"column":2},"end":{"line":146,"column":69}},"100":{"start":{"line":147,"column":2},"end":{"line":147,"column":71}},"101":{"start":{"line":148,"column":2},"end":{"line":148,"column":67}},"102":{"start":{"line":149,"column":2},"end":{"line":149,"column":117}},"103":{"start":{"line":150,"column":2},"end":{"line":150,"column":58}},"104":{"start":{"line":151,"column":2},"end":{"line":151,"column":53}},"105":{"start":{"line":152,"column":2},"end":{"line":152,"column":76}},"106":{"start":{"line":153,"column":2},"end":{"line":153,"column":55}},"107":{"start":{"line":155,"column":2},"end":{"line":155,"column":52}},"108":{"start":{"line":156,"column":2},"end":{"line":156,"column":57}},"109":{"start":{"line":157,"column":2},"end":{"line":157,"column":52}},"110":{"start":{"line":160,"column":21},"end":{"line":213,"column":3}},"111":{"start":{"line":161,"column":4},"end":{"line":178,"column":5}},"112":{"start":{"line":162,"column":6},"end":{"line":177,"column":7}},"113":{"start":{"line":179,"column":4},"end":{"line":189,"column":5}},"114":{"start":{"line":180,"column":6},"end":{"line":188,"column":7}},"115":{"start":{"line":190,"column":4},"end":{"line":200,"column":5}},"116":{"start":{"line":191,"column":6},"end":{"line":199,"column":134}},"117":{"start":{"line":201,"column":4},"end":{"line":212,"column":5}},"118":{"start":{"line":202,"column":6},"end":{"line":211,"column":9}},"119":{"start":{"line":215,"column":2},"end":{"line":256,"column":4}},"120":{"start":{"line":238,"column":32},"end":{"line":238,"column":54}},"121":{"start":{"line":243,"column":12},"end":{"line":243,"column":42}},"122":{"start":{"line":259,"column":15},"end":{"line":288,"column":2}}},"fnMap":{"0":{"name":"App","decl":{"start":{"line":15,"column":24},"end":{"line":15,"column":27}},"loc":{"start":{"line":15,"column":30},"end":{"line":257,"column":1}},"line":15},"1":{"name":"(anonymous_1)","decl":{"start":{"line":33,"column":12},"end":{"line":33,"column":13}},"loc":{"start":{"line":33,"column":18},"end":{"line":43,"column":3}},"line":33},"2":{"name":"(anonymous_2)","decl":{"start":{"line":35,"column":27},"end":{"line":35,"column":28}},"loc":{"start":{"line":35,"column":39},"end":{"line":41,"column":5}},"line":35},"3":{"name":"(anonymous_3)","decl":{"start":{"line":45,"column":12},"end":{"line":45,"column":13}},"loc":{"start":{"line":45,"column":18},"end":{"line":49,"column":3}},"line":45},"4":{"name":"(anonymous_4)","decl":{"start":{"line":51,"column":22},"end":{"line":51,"column":23}},"loc":{"start":{"line":51,"column":34},"end":{"line":56,"column":3}},"line":51},"5":{"name":"(anonymous_5)","decl":{"start":{"line":58,"column":24},"end":{"line":58,"column":25}},"loc":{"start":{"line":58,"column":36},"end":{"line":62,"column":3}},"line":58},"6":{"name":"(anonymous_6)","decl":{"start":{"line":64,"column":22},"end":{"line":64,"column":23}},"loc":{"start":{"line":64,"column":50},"end":{"line":69,"column":3}},"line":64},"7":{"name":"(anonymous_7)","decl":{"start":{"line":71,"column":24},"end":{"line":71,"column":25}},"loc":{"start":{"line":71,"column":40},"end":{"line":75,"column":3}},"line":71},"8":{"name":"(anonymous_8)","decl":{"start":{"line":77,"column":27},"end":{"line":77,"column":28}},"loc":{"start":{"line":77,"column":35},"end":{"line":79,"column":3}},"line":77},"9":{"name":"(anonymous_9)","decl":{"start":{"line":81,"column":27},"end":{"line":81,"column":28}},"loc":{"start":{"line":81,"column":46},"end":{"line":86,"column":3}},"line":81},"10":{"name":"(anonymous_10)","decl":{"start":{"line":85,"column":21},"end":{"line":85,"column":22}},"loc":{"start":{"line":85,"column":29},"end":{"line":85,"column":42}},"line":85},"11":{"name":"(anonymous_11)","decl":{"start":{"line":88,"column":20},"end":{"line":88,"column":21}},"loc":{"start":{"line":88,"column":42},"end":{"line":92,"column":3}},"line":88},"12":{"name":"(anonymous_12)","decl":{"start":{"line":94,"column":22},"end":{"line":94,"column":23}},"loc":{"start":{"line":94,"column":36},"end":{"line":101,"column":3}},"line":94},"13":{"name":"(anonymous_13)","decl":{"start":{"line":103,"column":25},"end":{"line":103,"column":26}},"loc":{"start":{"line":103,"column":39},"end":{"line":107,"column":3}},"line":103},"14":{"name":"(anonymous_14)","decl":{"start":{"line":109,"column":23},"end":{"line":109,"column":24}},"loc":{"start":{"line":109,"column":55},"end":{"line":118,"column":3}},"line":109},"15":{"name":"(anonymous_15)","decl":{"start":{"line":113,"column":19},"end":{"line":113,"column":20}},"loc":{"start":{"line":113,"column":27},"end":{"line":113,"column":35}},"line":113},"16":{"name":"(anonymous_16)","decl":{"start":{"line":115,"column":39},"end":{"line":115,"column":40}},"loc":{"start":{"line":115,"column":47},"end":{"line":115,"column":67}},"line":115},"17":{"name":"(anonymous_17)","decl":{"start":{"line":120,"column":24},"end":{"line":120,"column":25}},"loc":{"start":{"line":120,"column":36},"end":{"line":122,"column":3}},"line":120},"18":{"name":"(anonymous_18)","decl":{"start":{"line":124,"column":28},"end":{"line":124,"column":29}},"loc":{"start":{"line":124,"column":34},"end":{"line":128,"column":3}},"line":124},"19":{"name":"(anonymous_19)","decl":{"start":{"line":130,"column":23},"end":{"line":130,"column":24}},"loc":{"start":{"line":130,"column":40},"end":{"line":136,"column":3}},"line":130},"20":{"name":"(anonymous_20)","decl":{"start":{"line":138,"column":21},"end":{"line":138,"column":22}},"loc":{"start":{"line":138,"column":33},"end":{"line":140,"column":3}},"line":138},"21":{"name":"(anonymous_21)","decl":{"start":{"line":160,"column":21},"end":{"line":160,"column":22}},"loc":{"start":{"line":160,"column":31},"end":{"line":213,"column":3}},"line":160},"22":{"name":"(anonymous_22)","decl":{"start":{"line":238,"column":25},"end":{"line":238,"column":26}},"loc":{"start":{"line":238,"column":31},"end":{"line":238,"column":55}},"line":238},"23":{"name":"(anonymous_23)","decl":{"start":{"line":242,"column":22},"end":{"line":242,"column":23}},"loc":{"start":{"line":242,"column":28},"end":{"line":244,"column":11}},"line":242}},"branchMap":{"0":{"loc":{"start":{"line":46,"column":4},"end":{"line":48,"column":5}},"type":"if","locations":[{"start":{"line":46,"column":4},"end":{"line":48,"column":5}},{"start":{"line":46,"column":4},"end":{"line":48,"column":5}}],"line":46},"1":{"loc":{"start":{"line":67,"column":4},"end":{"line":67,"column":59}},"type":"if","locations":[{"start":{"line":67,"column":4},"end":{"line":67,"column":59}},{"start":{"line":67,"column":4},"end":{"line":67,"column":59}}],"line":67},"2":{"loc":{"start":{"line":68,"column":4},"end":{"line":68,"column":61}},"type":"if","locations":[{"start":{"line":68,"column":4},"end":{"line":68,"column":61}},{"start":{"line":68,"column":4},"end":{"line":68,"column":61}}],"line":68},"3":{"loc":{"start":{"line":83,"column":15},"end":{"line":83,"column":30}},"type":"binary-expr","locations":[{"start":{"line":83,"column":15},"end":{"line":83,"column":18}},{"start":{"line":83,"column":22},"end":{"line":83,"column":30}}],"line":83},"4":{"loc":{"start":{"line":115,"column":4},"end":{"line":116,"column":26}},"type":"if","locations":[{"start":{"line":115,"column":4},"end":{"line":116,"column":26}},{"start":{"line":115,"column":4},"end":{"line":116,"column":26}}],"line":115},"5":{"loc":{"start":{"line":131,"column":4},"end":{"line":135,"column":5}},"type":"if","locations":[{"start":{"line":131,"column":4},"end":{"line":135,"column":5}},{"start":{"line":131,"column":4},"end":{"line":135,"column":5}}],"line":131},"6":{"loc":{"start":{"line":149,"column":47},"end":{"line":149,"column":115}},"type":"cond-expr","locations":[{"start":{"line":149,"column":70},"end":{"line":149,"column":92}},{"start":{"line":149,"column":95},"end":{"line":149,"column":115}}],"line":149},"7":{"loc":{"start":{"line":161,"column":4},"end":{"line":178,"column":5}},"type":"if","locations":[{"start":{"line":161,"column":4},"end":{"line":178,"column":5}},{"start":{"line":161,"column":4},"end":{"line":178,"column":5}}],"line":161},"8":{"loc":{"start":{"line":179,"column":4},"end":{"line":189,"column":5}},"type":"if","locations":[{"start":{"line":179,"column":4},"end":{"line":189,"column":5}},{"start":{"line":179,"column":4},"end":{"line":189,"column":5}}],"line":179},"9":{"loc":{"start":{"line":179,"column":8},"end":{"line":179,"column":32}},"type":"binary-expr","locations":[{"start":{"line":179,"column":8},"end":{"line":179,"column":23}},{"start":{"line":179,"column":27},"end":{"line":179,"column":32}}],"line":179},"10":{"loc":{"start":{"line":190,"column":4},"end":{"line":200,"column":5}},"type":"if","locations":[{"start":{"line":190,"column":4},"end":{"line":200,"column":5}},{"start":{"line":190,"column":4},"end":{"line":200,"column":5}}],"line":190},"11":{"loc":{"start":{"line":191,"column":13},"end":{"line":199,"column":134}},"type":"cond-expr","locations":[{"start":{"line":192,"column":7},"end":{"line":199,"column":8}},{"start":{"line":199,"column":13},"end":{"line":199,"column":133}}],"line":191},"12":{"loc":{"start":{"line":201,"column":4},"end":{"line":212,"column":5}},"type":"if","locations":[{"start":{"line":201,"column":4},"end":{"line":212,"column":5}},{"start":{"line":201,"column":4},"end":{"line":212,"column":5}}],"line":201},"13":{"loc":{"start":{"line":217,"column":19},"end":{"line":217,"column":63}},"type":"cond-expr","locations":[{"start":{"line":217,"column":43},"end":{"line":217,"column":56}},{"start":{"line":217,"column":59},"end":{"line":217,"column":63}}],"line":217}},"s":{"0":0,"1":0,"2":0,"3":0,"4":0,"5":0,"6":0,"7":0,"8":0,"9":0,"10":0,"11":0,"12":0,"13":0,"14":0,"15":0,"16":0,"17":0,"18":0,"19":0,"20":0,"21":0,"22":0,"23":0,"24":0,"25":0,"26":0,"27":0,"28":0,"29":0,"30":0,"31":0,"32":0,"33":0,"34":0,"35":0,"36":0,"37":0,"38":0,"39":0,"40":0,"41":0,"42":0,"43":0,"44":0,"45":0,"46":0,"47":0,"48":0,"49":0,"50":0,"51":0,"52":0,"53":0,"54":0,"55":0,"56":0,"57":0,"58":0,"59":0,"60":0,"61":0,"62":0,"63":0,"64":0,"65":0,"66":0,"67":0,"68":0,"69":0,"70":0,"71":0,"72":0,"73":0,"74":0,"75":0,"76":0,"77":0,"78":0,"79":0,"80":0,"81":0,"82":0,"83":0,"84":0,"85":0,"86":0,"87":0,"88":0,"89":0,"90":0,"91":0,"92":0,"93":0,"94":0,"95":0,"96":0,"97":0,"98":0,"99":0,"100":0,"101":0,"102":0,"103":0,"104":0,"105":0,"106":0,"107":0,"108":0,"109":0,"110":0,"111":0,"112":0,"113":0,"114":0,"115":0,"116":0,"117":0,"118":0,"119":0,"120":0,"121":0,"122":0},"f":{"0":0,"1":0,"2":0,"3":0,"4":0,"5":0,"6":0,"7":0,"8":0,"9":0,"10":0,"11":0,"12":0,"13":0,"14":0,"15":0,"16":0,"17":0,"18":0,"19":0,"20":0,"21":0,"22":0,"23":0},"b":{"0":[0,0],"1":[0,0],"2":[0,0],"3":[0,0],"4":[0,0],"5":[0,0],"6":[0,0],"7":[0,0],"8":[0,0],"9":[0,0],"10":[0,0],"11":[0,0],"12":[0,0],"13":[0,0]}}
,"/Users/ozzy_chel/Projects/iMovieRate/components/HomeTab.js": {"path":"/Users/ozzy_chel/Projects/iMovieRate/components/HomeTab.js","statementMap":{"0":{"start":{"line":5,"column":16},"end":{"line":30,"column":1}},"1":{"start":{"line":6,"column":2},"end":{"line":29,"column":3}}},"fnMap":{"0":{"name":"(anonymous_0)","decl":{"start":{"line":5,"column":16},"end":{"line":5,"column":17}},"loc":{"start":{"line":5,"column":104},"end":{"line":30,"column":1}},"line":5}},"branchMap":{},"s":{"0":0,"1":0},"f":{"0":0},"b":{}}
,"/Users/ozzy_chel/Projects/iMovieRate/components/MainCarousel.js": {"path":"/Users/ozzy_chel/Projects/iMovieRate/components/MainCarousel.js","statementMap":{"0":{"start":{"line":4,"column":21},"end":{"line":32,"column":1}},"1":{"start":{"line":6,"column":2},"end":{"line":31,"column":3}},"2":{"start":{"line":16,"column":8},"end":{"line":27,"column":9}},"3":{"start":{"line":21,"column":14},"end":{"line":21,"column":36}},"4":{"start":{"line":34,"column":15},"end":{"line":59,"column":2}}},"fnMap":{"0":{"name":"(anonymous_0)","decl":{"start":{"line":4,"column":21},"end":{"line":4,"column":22}},"loc":{"start":{"line":4,"column":58},"end":{"line":32,"column":1}},"line":4},"1":{"name":"(anonymous_1)","decl":{"start":{"line":15,"column":18},"end":{"line":15,"column":19}},"loc":{"start":{"line":15,"column":31},"end":{"line":28,"column":7}},"line":15},"2":{"name":"(anonymous_2)","decl":{"start":{"line":20,"column":21},"end":{"line":20,"column":22}},"loc":{"start":{"line":20,"column":26},"end":{"line":22,"column":13}},"line":20}},"branchMap":{"0":{"loc":{"start":{"line":25,"column":25},"end":{"line":25,"column":88}},"type":"cond-expr","locations":[{"start":{"line":25,"column":53},"end":{"line":25,"column":72}},{"start":{"line":25,"column":75},"end":{"line":25,"column":88}}],"line":25}},"s":{"0":0,"1":0,"2":0,"3":0,"4":0},"f":{"0":0,"1":0,"2":0},"b":{"0":[0,0]}}
,"/Users/ozzy_chel/Projects/iMovieRate/components/Movie.js": {"path":"/Users/ozzy_chel/Projects/iMovieRate/components/Movie.js","statementMap":{"0":{"start":{"line":5,"column":14},"end":{"line":78,"column":1}},"1":{"start":{"line":7,"column":17},"end":{"line":7,"column":19}},"2":{"start":{"line":8,"column":2},"end":{"line":12,"column":3}},"3":{"start":{"line":9,"column":4},"end":{"line":11,"column":6}},"4":{"start":{"line":10,"column":6},"end":{"line":10,"column":34}},"5":{"start":{"line":14,"column":23},"end":{"line":33,"column":3}},"6":{"start":{"line":15,"column":4},"end":{"line":32,"column":5}},"7":{"start":{"line":16,"column":6},"end":{"line":25,"column":7}},"8":{"start":{"line":20,"column":10},"end":{"line":20,"column":34}},"9":{"start":{"line":27,"column":8},"end":{"line":31,"column":9}},"10":{"start":{"line":35,"column":2},"end":{"line":77,"column":3}},"11":{"start":{"line":39,"column":10},"end":{"line":39,"column":37}},"12":{"start":{"line":40,"column":10},"end":{"line":40,"column":35}},"13":{"start":{"line":65,"column":14},"end":{"line":65,"column":38}},"14":{"start":{"line":80,"column":18},"end":{"line":82,"column":1}},"15":{"start":{"line":81,"column":2},"end":{"line":81,"column":35}},"16":{"start":{"line":84,"column":15},"end":{"line":141,"column":2}}},"fnMap":{"0":{"name":"(anonymous_0)","decl":{"start":{"line":5,"column":14},"end":{"line":5,"column":15}},"loc":{"start":{"line":5,"column":99},"end":{"line":78,"column":1}},"line":5},"1":{"name":"(anonymous_1)","decl":{"start":{"line":9,"column":28},"end":{"line":9,"column":29}},"loc":{"start":{"line":9,"column":36},"end":{"line":11,"column":5}},"line":9},"2":{"name":"(anonymous_2)","decl":{"start":{"line":14,"column":23},"end":{"line":14,"column":24}},"loc":{"start":{"line":14,"column":29},"end":{"line":33,"column":3}},"line":14},"3":{"name":"(anonymous_3)","decl":{"start":{"line":19,"column":17},"end":{"line":19,"column":18}},"loc":{"start":{"line":19,"column":23},"end":{"line":21,"column":9}},"line":19},"4":{"name":"(anonymous_4)","decl":{"start":{"line":38,"column":17},"end":{"line":38,"column":18}},"loc":{"start":{"line":38,"column":23},"end":{"line":41,"column":9}},"line":38},"5":{"name":"(anonymous_5)","decl":{"start":{"line":64,"column":21},"end":{"line":64,"column":22}},"loc":{"start":{"line":64,"column":27},"end":{"line":66,"column":13}},"line":64},"6":{"name":"(anonymous_6)","decl":{"start":{"line":80,"column":18},"end":{"line":80,"column":19}},"loc":{"start":{"line":81,"column":2},"end":{"line":81,"column":35}},"line":81}},"branchMap":{"0":{"loc":{"start":{"line":8,"column":2},"end":{"line":12,"column":3}},"type":"if","locations":[{"start":{"line":8,"column":2},"end":{"line":12,"column":3}},{"start":{"line":8,"column":2},"end":{"line":12,"column":3}}],"line":8},"1":{"loc":{"start":{"line":8,"column":6},"end":{"line":8,"column":50}},"type":"binary-expr","locations":[{"start":{"line":8,"column":6},"end":{"line":8,"column":24}},{"start":{"line":8,"column":28},"end":{"line":8,"column":50}}],"line":8},"2":{"loc":{"start":{"line":15,"column":4},"end":{"line":32,"column":5}},"type":"if","locations":[{"start":{"line":15,"column":4},"end":{"line":32,"column":5}},{"start":{"line":15,"column":4},"end":{"line":32,"column":5}}],"line":15},"3":{"loc":{"start":{"line":29,"column":13},"end":{"line":29,"column":81}},"type":"cond-expr","locations":[{"start":{"line":29,"column":29},"end":{"line":29,"column":73}},{"start":{"line":29,"column":77},"end":{"line":29,"column":81}}],"line":29},"4":{"loc":{"start":{"line":61,"column":11},"end":{"line":69,"column":37}},"type":"cond-expr","locations":[{"start":{"line":62,"column":10},"end":{"line":69,"column":29}},{"start":{"line":69,"column":33},"end":{"line":69,"column":37}}],"line":61}},"s":{"0":0,"1":0,"2":0,"3":0,"4":0,"5":0,"6":0,"7":0,"8":0,"9":0,"10":0,"11":0,"12":0,"13":0,"14":0,"15":0,"16":0},"f":{"0":0,"1":0,"2":0,"3":0,"4":0,"5":0,"6":0},"b":{"0":[0,0],"1":[0,0],"2":[0,0],"3":[0,0],"4":[0,0]}}
,"/Users/ozzy_chel/Projects/iMovieRate/components/MovieView.js": {"path":"/Users/ozzy_chel/Projects/iMovieRate/components/MovieView.js","statementMap":{"0":{"start":{"line":11,"column":12},"end":{"line":11,"column":55}},"1":{"start":{"line":13,"column":18},"end":{"line":155,"column":1}},"2":{"start":{"line":15,"column":17},"end":{"line":15,"column":34}},"3":{"start":{"line":17,"column":21},"end":{"line":17,"column":37}},"4":{"start":{"line":18,"column":40},"end":{"line":18,"column":52}},"5":{"start":{"line":19,"column":38},"end":{"line":19,"column":50}},"6":{"start":{"line":20,"column":48},"end":{"line":20,"column":60}},"7":{"start":{"line":21,"column":42},"end":{"line":21,"column":54}},"8":{"start":{"line":22,"column":36},"end":{"line":22,"column":48}},"9":{"start":{"line":23,"column":34},"end":{"line":23,"column":46}},"10":{"start":{"line":24,"column":34},"end":{"line":24,"column":46}},"11":{"start":{"line":26,"column":2},"end":{"line":33,"column":19}},"12":{"start":{"line":27,"column":4},"end":{"line":27,"column":41}},"13":{"start":{"line":28,"column":4},"end":{"line":28,"column":40}},"14":{"start":{"line":29,"column":4},"end":{"line":29,"column":38}},"15":{"start":{"line":30,"column":4},"end":{"line":30,"column":35}},"16":{"start":{"line":31,"column":4},"end":{"line":31,"column":108}},"17":{"start":{"line":32,"column":4},"end":{"line":32,"column":49}},"18":{"start":{"line":35,"column":32},"end":{"line":41,"column":3}},"19":{"start":{"line":36,"column":4},"end":{"line":36,"column":47}},"20":{"start":{"line":37,"column":41},"end":{"line":37,"column":81}},"21":{"start":{"line":38,"column":4},"end":{"line":38,"column":25}},"22":{"start":{"line":39,"column":4},"end":{"line":39,"column":26}},"23":{"start":{"line":40,"column":4},"end":{"line":40,"column":27}},"24":{"start":{"line":43,"column":26},"end":{"line":47,"column":3}},"25":{"start":{"line":44,"column":4},"end":{"line":44,"column":51}},"26":{"start":{"line":45,"column":17},"end":{"line":45,"column":46}},"27":{"start":{"line":46,"column":4},"end":{"line":46,"column":24}},"28":{"start":{"line":49,"column":29},"end":{"line":53,"column":3}},"29":{"start":{"line":50,"column":4},"end":{"line":50,"column":54}},"30":{"start":{"line":51,"column":24},"end":{"line":51,"column":71}},"31":{"start":{"line":52,"column":4},"end":{"line":52,"column":36}},"32":{"start":{"line":55,"column":26},"end":{"line":59,"column":3}},"33":{"start":{"line":56,"column":4},"end":{"line":56,"column":51}},"34":{"start":{"line":57,"column":20},"end":{"line":57,"column":49}},"35":{"start":{"line":58,"column":4},"end":{"line":58,"column":29}},"36":{"start":{"line":61,"column":25},"end":{"line":65,"column":3}},"37":{"start":{"line":62,"column":4},"end":{"line":62,"column":50}},"38":{"start":{"line":63,"column":17},"end":{"line":63,"column":67}},"39":{"start":{"line":64,"column":4},"end":{"line":64,"column":23}},"40":{"start":{"line":67,"column":18},"end":{"line":67,"column":108}},"41":{"start":{"line":69,"column":17},"end":{"line":69,"column":19}},"42":{"start":{"line":70,"column":2},"end":{"line":74,"column":3}},"43":{"start":{"line":71,"column":4},"end":{"line":73,"column":7}},"44":{"start":{"line":72,"column":6},"end":{"line":72,"column":38}},"45":{"start":{"line":76,"column":20},"end":{"line":78,"column":3}},"46":{"start":{"line":77,"column":4},"end":{"line":77,"column":37}},"47":{"start":{"line":81,"column":2},"end":{"line":81,"column":70}},"48":{"start":{"line":82,"column":2},"end":{"line":82,"column":79}},"49":{"start":{"line":83,"column":2},"end":{"line":83,"column":72}},"50":{"start":{"line":84,"column":2},"end":{"line":84,"column":67}},"51":{"start":{"line":87,"column":2},"end":{"line":154,"column":3}},"52":{"start":{"line":157,"column":15},"end":{"line":223,"column":2}}},"fnMap":{"0":{"name":"(anonymous_0)","decl":{"start":{"line":13,"column":18},"end":{"line":13,"column":19}},"loc":{"start":{"line":13,"column":104},"end":{"line":155,"column":1}},"line":13},"1":{"name":"(anonymous_1)","decl":{"start":{"line":26,"column":12},"end":{"line":26,"column":13}},"loc":{"start":{"line":26,"column":18},"end":{"line":33,"column":3}},"line":26},"2":{"name":"(anonymous_2)","decl":{"start":{"line":35,"column":32},"end":{"line":35,"column":33}},"loc":{"start":{"line":35,"column":51},"end":{"line":41,"column":3}},"line":35},"3":{"name":"(anonymous_3)","decl":{"start":{"line":43,"column":26},"end":{"line":43,"column":27}},"loc":{"start":{"line":43,"column":40},"end":{"line":47,"column":3}},"line":43},"4":{"name":"(anonymous_4)","decl":{"start":{"line":49,"column":29},"end":{"line":49,"column":30}},"loc":{"start":{"line":49,"column":48},"end":{"line":53,"column":3}},"line":49},"5":{"name":"(anonymous_5)","decl":{"start":{"line":55,"column":26},"end":{"line":55,"column":27}},"loc":{"start":{"line":55,"column":40},"end":{"line":59,"column":3}},"line":55},"6":{"name":"(anonymous_6)","decl":{"start":{"line":61,"column":25},"end":{"line":61,"column":26}},"loc":{"start":{"line":61,"column":61},"end":{"line":65,"column":3}},"line":61},"7":{"name":"(anonymous_7)","decl":{"start":{"line":71,"column":30},"end":{"line":71,"column":31}},"loc":{"start":{"line":71,"column":39},"end":{"line":73,"column":5}},"line":71},"8":{"name":"(anonymous_8)","decl":{"start":{"line":76,"column":20},"end":{"line":76,"column":21}},"loc":{"start":{"line":77,"column":4},"end":{"line":77,"column":37}},"line":77}},"branchMap":{"0":{"loc":{"start":{"line":70,"column":2},"end":{"line":74,"column":3}},"type":"if","locations":[{"start":{"line":70,"column":2},"end":{"line":74,"column":3}},{"start":{"line":70,"column":2},"end":{"line":74,"column":3}}],"line":70},"1":{"loc":{"start":{"line":70,"column":6},"end":{"line":70,"column":48}},"type":"binary-expr","locations":[{"start":{"line":70,"column":6},"end":{"line":70,"column":20}},{"start":{"line":70,"column":24},"end":{"line":70,"column":48}}],"line":70}},"s":{"0":0,"1":0,"2":0,"3":0,"4":0,"5":0,"6":0,"7":0,"8":0,"9":0,"10":0,"11":0,"12":0,"13":0,"14":0,"15":0,"16":0,"17":0,"18":0,"19":0,"20":0,"21":0,"22":0,"23":0,"24":0,"25":0,"26":0,"27":0,"28":0,"29":0,"30":0,"31":0,"32":0,"33":0,"34":0,"35":0,"36":0,"37":0,"38":0,"39":0,"40":0,"41":0,"42":0,"43":0,"44":0,"45":0,"46":0,"47":0,"48":0,"49":0,"50":0,"51":0,"52":0},"f":{"0":0,"1":0,"2":0,"3":0,"4":0,"5":0,"6":0,"7":0,"8":0},"b":{"0":[0,0],"1":[0,0]}}
,"/Users/ozzy_chel/Projects/iMovieRate/components/NavBar.js": {"path":"/Users/ozzy_chel/Projects/iMovieRate/components/NavBar.js","statementMap":{"0":{"start":{"line":6,"column":15},"end":{"line":32,"column":1}},"1":{"start":{"line":8,"column":2},"end":{"line":31,"column":3}},"2":{"start":{"line":17,"column":12},"end":{"line":17,"column":33}},"3":{"start":{"line":34,"column":15},"end":{"line":69,"column":2}}},"fnMap":{"0":{"name":"(anonymous_0)","decl":{"start":{"line":6,"column":15},"end":{"line":6,"column":16}},"loc":{"start":{"line":6,"column":40},"end":{"line":32,"column":1}},"line":6},"1":{"name":"(anonymous_1)","decl":{"start":{"line":16,"column":19},"end":{"line":16,"column":20}},"loc":{"start":{"line":16,"column":25},"end":{"line":18,"column":11}},"line":16}},"branchMap":{},"s":{"0":1,"1":7,"2":1,"3":1},"f":{"0":7,"1":1},"b":{},"_coverageSchema":"1a1c01bbd47fc00a2c39e90264f33305004495a9","hash":"3d47d2ebe49f296274d2fcc54a152151ffa72587"}
,"/Users/ozzy_chel/Projects/iMovieRate/components/SearchBar.js": {"path":"/Users/ozzy_chel/Projects/iMovieRate/components/SearchBar.js","statementMap":{"0":{"start":{"line":4,"column":18},"end":{"line":50,"column":1}},"1":{"start":{"line":6,"column":38},"end":{"line":6,"column":50}},"2":{"start":{"line":8,"column":28},"end":{"line":19,"column":3}},"3":{"start":{"line":9,"column":4},"end":{"line":18,"column":5}},"4":{"start":{"line":10,"column":6},"end":{"line":10,"column":52}},"5":{"start":{"line":11,"column":6},"end":{"line":11,"column":30}},"6":{"start":{"line":12,"column":6},"end":{"line":12,"column":23}},"7":{"start":{"line":13,"column":6},"end":{"line":13,"column":24}},"8":{"start":{"line":14,"column":6},"end":{"line":14,"column":28}},"9":{"start":{"line":15,"column":6},"end":{"line":15,"column":26}},"10":{"start":{"line":17,"column":6},"end":{"line":17,"column":50}},"11":{"start":{"line":20,"column":2},"end":{"line":49,"column":3}},"12":{"start":{"line":32,"column":32},"end":{"line":32,"column":51}},"13":{"start":{"line":52,"column":15},"end":{"line":94,"column":2}}},"fnMap":{"0":{"name":"(anonymous_0)","decl":{"start":{"line":4,"column":18},"end":{"line":4,"column":19}},"loc":{"start":{"line":4,"column":69},"end":{"line":50,"column":1}},"line":4},"1":{"name":"(anonymous_1)","decl":{"start":{"line":8,"column":28},"end":{"line":8,"column":29}},"loc":{"start":{"line":8,"column":34},"end":{"line":19,"column":3}},"line":8},"2":{"name":"(anonymous_2)","decl":{"start":{"line":32,"column":24},"end":{"line":32,"column":25}},"loc":{"start":{"line":32,"column":32},"end":{"line":32,"column":51}},"line":32}},"branchMap":{"0":{"loc":{"start":{"line":9,"column":4},"end":{"line":18,"column":5}},"type":"if","locations":[{"start":{"line":9,"column":4},"end":{"line":18,"column":5}},{"start":{"line":9,"column":4},"end":{"line":18,"column":5}}],"line":9},"1":{"loc":{"start":{"line":21,"column":17},"end":{"line":23,"column":47}},"type":"cond-expr","locations":[{"start":{"line":22,"column":6},"end":{"line":22,"column":47}},{"start":{"line":23,"column":6},"end":{"line":23,"column":47}}],"line":21}},"s":{"0":0,"1":0,"2":0,"3":0,"4":0,"5":0,"6":0,"7":0,"8":0,"9":0,"10":0,"11":0,"12":0,"13":0},"f":{"0":0,"1":0,"2":0},"b":{"0":[0,0],"1":[0,0]}}
,"/Users/ozzy_chel/Projects/iMovieRate/components/SearchTab.js": {"path":"/Users/ozzy_chel/Projects/iMovieRate/components/SearchTab.js","statementMap":{"0":{"start":{"line":5,"column":18},"end":{"line":46,"column":1}},"1":{"start":{"line":7,"column":17},"end":{"line":17,"column":4}},"2":{"start":{"line":8,"column":4},"end":{"line":16,"column":6}},"3":{"start":{"line":19,"column":28},"end":{"line":29,"column":3}},"4":{"start":{"line":20,"column":4},"end":{"line":28,"column":36}},"5":{"start":{"line":23,"column":12},"end":{"line":23,"column":28}},"6":{"start":{"line":31,"column":2},"end":{"line":45,"column":148}},"7":{"start":{"line":48,"column":15},"end":{"line":104,"column":2}}},"fnMap":{"0":{"name":"(anonymous_0)","decl":{"start":{"line":5,"column":18},"end":{"line":5,"column":19}},"loc":{"start":{"line":5,"column":188},"end":{"line":46,"column":1}},"line":5},"1":{"name":"(anonymous_1)","decl":{"start":{"line":7,"column":31},"end":{"line":7,"column":32}},"loc":{"start":{"line":8,"column":4},"end":{"line":16,"column":6}},"line":8},"2":{"name":"(anonymous_2)","decl":{"start":{"line":19,"column":28},"end":{"line":19,"column":29}},"loc":{"start":{"line":19,"column":48},"end":{"line":29,"column":3}},"line":19},"3":{"name":"(anonymous_3)","decl":{"start":{"line":22,"column":20},"end":{"line":22,"column":21}},"loc":{"start":{"line":22,"column":26},"end":{"line":24,"column":11}},"line":22}},"branchMap":{"0":{"loc":{"start":{"line":20,"column":11},"end":{"line":28,"column":35}},"type":"cond-expr","locations":[{"start":{"line":21,"column":7},"end":{"line":28,"column":27}},{"start":{"line":28,"column":31},"end":{"line":28,"column":35}}],"line":20},"1":{"loc":{"start":{"line":20,"column":12},"end":{"line":20,"column":41}},"type":"binary-expr","locations":[{"start":{"line":20,"column":12},"end":{"line":20,"column":21}},{"start":{"line":20,"column":25},"end":{"line":20,"column":41}}],"line":20},"2":{"loc":{"start":{"line":31,"column":9},"end":{"line":45,"column":148}},"type":"cond-expr","locations":[{"start":{"line":32,"column":4},"end":{"line":40,"column":11}},{"start":{"line":42,"column":4},"end":{"line":45,"column":148}}],"line":31},"3":{"loc":{"start":{"line":39,"column":21},"end":{"line":39,"column":72}},"type":"cond-expr","locations":[{"start":{"line":39,"column":45},"end":{"line":39,"column":57}},{"start":{"line":39,"column":60},"end":{"line":39,"column":72}}],"line":39},"4":{"loc":{"start":{"line":42,"column":4},"end":{"line":45,"column":148}},"type":"cond-expr","locations":[{"start":{"line":42,"column":17},"end":{"line":42,"column":50}},{"start":{"line":43,"column":4},"end":{"line":45,"column":148}}],"line":42},"5":{"loc":{"start":{"line":43,"column":4},"end":{"line":45,"column":148}},"type":"cond-expr","locations":[{"start":{"line":44,"column":3},"end":{"line":44,"column":167}},{"start":{"line":45,"column":5},"end":{"line":45,"column":147}}],"line":43}},"s":{"0":0,"1":0,"2":0,"3":0,"4":0,"5":0,"6":0,"7":0},"f":{"0":0,"1":0,"2":0,"3":0},"b":{"0":[0,0],"1":[0,0],"2":[0,0],"3":[0,0],"4":[0,0],"5":[0,0]}}
,"/Users/ozzy_chel/Projects/iMovieRate/components/WatchList.js": {"path":"/Users/ozzy_chel/Projects/iMovieRate/components/WatchList.js","statementMap":{"0":{"start":{"line":6,"column":18},"end":{"line":31,"column":1}},"1":{"start":{"line":7,"column":17},"end":{"line":17,"column":4}},"2":{"start":{"line":8,"column":4},"end":{"line":16,"column":6}},"3":{"start":{"line":19,"column":2},"end":{"line":30,"column":140}},"4":{"start":{"line":33,"column":15},"end":{"line":55,"column":2}}},"fnMap":{"0":{"name":"(anonymous_0)","decl":{"start":{"line":6,"column":18},"end":{"line":6,"column":19}},"loc":{"start":{"line":6,"column":106},"end":{"line":31,"column":1}},"line":6},"1":{"name":"(anonymous_1)","decl":{"start":{"line":7,"column":30},"end":{"line":7,"column":31}},"loc":{"start":{"line":8,"column":4},"end":{"line":16,"column":6}},"line":8}},"branchMap":{"0":{"loc":{"start":{"line":19,"column":9},"end":{"line":30,"column":140}},"type":"cond-expr","locations":[{"start":{"line":20,"column":4},"end":{"line":27,"column":11}},{"start":{"line":30,"column":3},"end":{"line":30,"column":139}}],"line":19},"1":{"loc":{"start":{"line":26,"column":21},"end":{"line":26,"column":72}},"type":"cond-expr","locations":[{"start":{"line":26,"column":45},"end":{"line":26,"column":57}},{"start":{"line":26,"column":60},"end":{"line":26,"column":72}}],"line":26}},"s":{"0":0,"1":0,"2":0,"3":0,"4":0},"f":{"0":0,"1":0},"b":{"0":[0,0],"1":[0,0]}}
,"/Users/ozzy_chel/Projects/iMovieRate/components/MovieView_comp/AddToListButtonBlock.js": {"path":"/Users/ozzy_chel/Projects/iMovieRate/components/MovieView_comp/AddToListButtonBlock.js","statementMap":{"0":{"start":{"line":4,"column":29},"end":{"line":29,"column":1}},"1":{"start":{"line":6,"column":2},"end":{"line":28,"column":3}},"2":{"start":{"line":11,"column":12},"end":{"line":11,"column":33}},"3":{"start":{"line":31,"column":15},"end":{"line":71,"column":2}}},"fnMap":{"0":{"name":"(anonymous_0)","decl":{"start":{"line":4,"column":29},"end":{"line":4,"column":30}},"loc":{"start":{"line":4,"column":60},"end":{"line":29,"column":1}},"line":4},"1":{"name":"(anonymous_1)","decl":{"start":{"line":10,"column":19},"end":{"line":10,"column":20}},"loc":{"start":{"line":10,"column":25},"end":{"line":12,"column":11}},"line":10}},"branchMap":{"0":{"loc":{"start":{"line":9,"column":20},"end":{"line":9,"column":52}},"type":"cond-expr","locations":[{"start":{"line":9,"column":40},"end":{"line":9,"column":44}},{"start":{"line":9,"column":47},"end":{"line":9,"column":52}}],"line":9},"1":{"loc":{"start":{"line":14,"column":23},"end":{"line":14,"column":95}},"type":"cond-expr","locations":[{"start":{"line":14,"column":43},"end":{"line":14,"column":71}},{"start":{"line":14,"column":74},"end":{"line":14,"column":95}}],"line":14},"2":{"loc":{"start":{"line":16,"column":27},"end":{"line":16,"column":109}},"type":"cond-expr","locations":[{"start":{"line":16,"column":47},"end":{"line":16,"column":80}},{"start":{"line":16,"column":83},"end":{"line":16,"column":109}}],"line":16},"3":{"loc":{"start":{"line":17,"column":16},"end":{"line":17,"column":45}},"type":"cond-expr","locations":[{"start":{"line":17,"column":36},"end":{"line":17,"column":39}},{"start":{"line":17,"column":42},"end":{"line":17,"column":45}}],"line":17},"4":{"loc":{"start":{"line":22,"column":17},"end":{"line":22,"column":77}},"type":"cond-expr","locations":[{"start":{"line":22,"column":37},"end":{"line":22,"column":56}},{"start":{"line":22,"column":59},"end":{"line":22,"column":77}}],"line":22}},"s":{"0":0,"1":0,"2":0,"3":0},"f":{"0":0,"1":0},"b":{"0":[0,0],"1":[0,0],"2":[0,0],"3":[0,0],"4":[0,0]}}
,"/Users/ozzy_chel/Projects/iMovieRate/components/MovieView_comp/CastBlock.js": {"path":"/Users/ozzy_chel/Projects/iMovieRate/components/MovieView_comp/CastBlock.js","statementMap":{"0":{"start":{"line":5,"column":18},"end":{"line":96,"column":1}},"1":{"start":{"line":7,"column":17},"end":{"line":7,"column":34}},"2":{"start":{"line":9,"column":2},"end":{"line":13,"column":19}},"3":{"start":{"line":10,"column":4},"end":{"line":12,"column":5}},"4":{"start":{"line":11,"column":6},"end":{"line":11,"column":54}},"5":{"start":{"line":15,"column":2},"end":{"line":95,"column":11}},"6":{"start":{"line":42,"column":12},"end":{"line":68,"column":12}},"7":{"start":{"line":98,"column":15},"end":{"line":226,"column":2}}},"fnMap":{"0":{"name":"(anonymous_0)","decl":{"start":{"line":5,"column":18},"end":{"line":5,"column":19}},"loc":{"start":{"line":5,"column":51},"end":{"line":96,"column":1}},"line":5},"1":{"name":"(anonymous_1)","decl":{"start":{"line":9,"column":12},"end":{"line":9,"column":13}},"loc":{"start":{"line":9,"column":18},"end":{"line":13,"column":3}},"line":9},"2":{"name":"(anonymous_2)","decl":{"start":{"line":41,"column":27},"end":{"line":41,"column":28}},"loc":{"start":{"line":41,"column":41},"end":{"line":69,"column":9}},"line":41}},"branchMap":{"0":{"loc":{"start":{"line":10,"column":4},"end":{"line":12,"column":5}},"type":"if","locations":[{"start":{"line":10,"column":4},"end":{"line":12,"column":5}},{"start":{"line":10,"column":4},"end":{"line":12,"column":5}}],"line":10},"1":{"loc":{"start":{"line":15,"column":9},"end":{"line":95,"column":10}},"type":"cond-expr","locations":[{"start":{"line":17,"column":4},"end":{"line":94,"column":11}},{"start":{"line":95,"column":6},"end":{"line":95,"column":10}}],"line":15},"2":{"loc":{"start":{"line":78,"column":13},"end":{"line":78,"column":68}},"type":"cond-expr","locations":[{"start":{"line":78,"column":38},"end":{"line":78,"column":60}},{"start":{"line":78,"column":63},"end":{"line":78,"column":68}}],"line":78},"3":{"loc":{"start":{"line":88,"column":13},"end":{"line":88,"column":64}},"type":"cond-expr","locations":[{"start":{"line":88,"column":36},"end":{"line":88,"column":56}},{"start":{"line":88,"column":59},"end":{"line":88,"column":64}}],"line":88}},"s":{"0":0,"1":0,"2":0,"3":0,"4":0,"5":0,"6":0,"7":0},"f":{"0":0,"1":0,"2":0},"b":{"0":[0,0],"1":[0,0],"2":[0,0],"3":[0,0]}}
,"/Users/ozzy_chel/Projects/iMovieRate/components/MovieView_comp/ImagesBlock.js": {"path":"/Users/ozzy_chel/Projects/iMovieRate/components/MovieView_comp/ImagesBlock.js","statementMap":{"0":{"start":{"line":8,"column":20},"end":{"line":8,"column":50}},"1":{"start":{"line":10,"column":20},"end":{"line":100,"column":1}},"2":{"start":{"line":11,"column":17},"end":{"line":11,"column":34}},"3":{"start":{"line":13,"column":34},"end":{"line":13,"column":49}},"4":{"start":{"line":15,"column":42},"end":{"line":15,"column":53}},"5":{"start":{"line":17,"column":42},"end":{"line":17,"column":57}},"6":{"start":{"line":19,"column":2},"end":{"line":23,"column":17}},"7":{"start":{"line":20,"column":4},"end":{"line":22,"column":5}},"8":{"start":{"line":21,"column":6},"end":{"line":21,"column":54}},"9":{"start":{"line":25,"column":24},"end":{"line":25,"column":33}},"10":{"start":{"line":26,"column":25},"end":{"line":26,"column":26}},"11":{"start":{"line":27,"column":17},"end":{"line":27,"column":19}},"12":{"start":{"line":28,"column":25},"end":{"line":28,"column":27}},"13":{"start":{"line":29,"column":2},"end":{"line":38,"column":3}},"14":{"start":{"line":30,"column":4},"end":{"line":33,"column":5}},"15":{"start":{"line":30,"column":16},"end":{"line":30,"column":17}},"16":{"start":{"line":31,"column":18},"end":{"line":31,"column":20}},"17":{"start":{"line":32,"column":6},"end":{"line":32,"column":62}},"18":{"start":{"line":34,"column":4},"end":{"line":36,"column":5}},"19":{"start":{"line":34,"column":16},"end":{"line":34,"column":17}},"20":{"start":{"line":35,"column":6},"end":{"line":35,"column":58}},"21":{"start":{"line":40,"column":25},"end":{"line":48,"column":3}},"22":{"start":{"line":41,"column":4},"end":{"line":47,"column":5}},"23":{"start":{"line":42,"column":6},"end":{"line":42,"column":25}},"24":{"start":{"line":43,"column":6},"end":{"line":43,"column":13}},"25":{"start":{"line":45,"column":6},"end":{"line":45,"column":32}},"26":{"start":{"line":46,"column":6},"end":{"line":46,"column":13}},"27":{"start":{"line":50,"column":2},"end":{"line":99,"column":10}},"28":{"start":{"line":68,"column":12},"end":{"line":86,"column":19}},"29":{"start":{"line":70,"column":16},"end":{"line":84,"column":35}},"30":{"start":{"line":73,"column":20},"end":{"line":73,"column":91}},"31":{"start":{"line":74,"column":20},"end":{"line":74,"column":38}},"32":{"start":{"line":94,"column":32},"end":{"line":94,"column":51}},"33":{"start":{"line":102,"column":15},"end":{"line":181,"column":2}}},"fnMap":{"0":{"name":"(anonymous_0)","decl":{"start":{"line":10,"column":20},"end":{"line":10,"column":21}},"loc":{"start":{"line":10,"column":66},"end":{"line":100,"column":1}},"line":10},"1":{"name":"(anonymous_1)","decl":{"start":{"line":19,"column":12},"end":{"line":19,"column":13}},"loc":{"start":{"line":19,"column":18},"end":{"line":23,"column":3}},"line":19},"2":{"name":"(anonymous_2)","decl":{"start":{"line":40,"column":25},"end":{"line":40,"column":26}},"loc":{"start":{"line":40,"column":35},"end":{"line":48,"column":3}},"line":40},"3":{"name":"(anonymous_3)","decl":{"start":{"line":67,"column":20},"end":{"line":67,"column":21}},"loc":{"start":{"line":68,"column":12},"end":{"line":86,"column":19}},"line":68},"4":{"name":"(anonymous_4)","decl":{"start":{"line":69,"column":25},"end":{"line":69,"column":26}},"loc":{"start":{"line":70,"column":16},"end":{"line":84,"column":35}},"line":70},"5":{"name":"(anonymous_5)","decl":{"start":{"line":72,"column":28},"end":{"line":72,"column":29}},"loc":{"start":{"line":72,"column":37},"end":{"line":75,"column":19}},"line":72},"6":{"name":"(anonymous_6)","decl":{"start":{"line":94,"column":26},"end":{"line":94,"column":27}},"loc":{"start":{"line":94,"column":32},"end":{"line":94,"column":51}},"line":94}},"branchMap":{"0":{"loc":{"start":{"line":20,"column":4},"end":{"line":22,"column":5}},"type":"if","locations":[{"start":{"line":20,"column":4},"end":{"line":22,"column":5}},{"start":{"line":20,"column":4},"end":{"line":22,"column":5}}],"line":20},"1":{"loc":{"start":{"line":29,"column":2},"end":{"line":38,"column":3}},"type":"if","locations":[{"start":{"line":29,"column":2},"end":{"line":38,"column":3}},{"start":{"line":29,"column":2},"end":{"line":38,"column":3}}],"line":29},"2":{"loc":{"start":{"line":41,"column":4},"end":{"line":47,"column":5}},"type":"if","locations":[{"start":{"line":41,"column":4},"end":{"line":47,"column":5}},{"start":{"line":41,"column":4},"end":{"line":47,"column":5}}],"line":41},"3":{"loc":{"start":{"line":50,"column":9},"end":{"line":99,"column":10}},"type":"cond-expr","locations":[{"start":{"line":51,"column":4},"end":{"line":98,"column":11}},{"start":{"line":99,"column":6},"end":{"line":99,"column":10}}],"line":50},"4":{"loc":{"start":{"line":73,"column":20},"end":{"line":73,"column":90}},"type":"cond-expr","locations":[{"start":{"line":73,"column":30},"end":{"line":73,"column":48}},{"start":{"line":73,"column":51},"end":{"line":73,"column":90}}],"line":73}},"s":{"0":0,"1":0,"2":0,"3":0,"4":0,"5":0,"6":0,"7":0,"8":0,"9":0,"10":0,"11":0,"12":0,"13":0,"14":0,"15":0,"16":0,"17":0,"18":0,"19":0,"20":0,"21":0,"22":0,"23":0,"24":0,"25":0,"26":0,"27":0,"28":0,"29":0,"30":0,"31":0,"32":0,"33":0},"f":{"0":0,"1":0,"2":0,"3":0,"4":0,"5":0,"6":0},"b":{"0":[0,0],"1":[0,0],"2":[0,0],"3":[0,0],"4":[0,0]}}
,"/Users/ozzy_chel/Projects/iMovieRate/components/MovieView_comp/InfoBlock.js": {"path":"/Users/ozzy_chel/Projects/iMovieRate/components/MovieView_comp/InfoBlock.js","statementMap":{"0":{"start":{"line":5,"column":18},"end":{"line":77,"column":1}},"1":{"start":{"line":7,"column":23},"end":{"line":26,"column":3}},"2":{"start":{"line":8,"column":22},"end":{"line":8,"column":24}},"3":{"start":{"line":9,"column":4},"end":{"line":17,"column":6}},"4":{"start":{"line":10,"column":6},"end":{"line":16,"column":9}},"5":{"start":{"line":19,"column":6},"end":{"line":23,"column":13}},"6":{"start":{"line":25,"column":4},"end":{"line":25,"column":61}},"7":{"start":{"line":28,"column":24},"end":{"line":36,"column":3}},"8":{"start":{"line":29,"column":4},"end":{"line":35,"column":20}},"9":{"start":{"line":38,"column":2},"end":{"line":76,"column":3}},"10":{"start":{"line":79,"column":15},"end":{"line":139,"column":2}}},"fnMap":{"0":{"name":"(anonymous_0)","decl":{"start":{"line":5,"column":18},"end":{"line":5,"column":19}},"loc":{"start":{"line":5,"column":57},"end":{"line":77,"column":1}},"line":5},"1":{"name":"(anonymous_1)","decl":{"start":{"line":7,"column":23},"end":{"line":7,"column":24}},"loc":{"start":{"line":7,"column":38},"end":{"line":26,"column":3}},"line":7},"2":{"name":"(anonymous_2)","decl":{"start":{"line":9,"column":22},"end":{"line":9,"column":23}},"loc":{"start":{"line":9,"column":36},"end":{"line":17,"column":5}},"line":9},"3":{"name":"(anonymous_3)","decl":{"start":{"line":28,"column":24},"end":{"line":28,"column":25}},"loc":{"start":{"line":28,"column":30},"end":{"line":36,"column":3}},"line":28}},"branchMap":{"0":{"loc":{"start":{"line":25,"column":11},"end":{"line":25,"column":60}},"type":"cond-expr","locations":[{"start":{"line":25,"column":34},"end":{"line":25,"column":45}},{"start":{"line":25,"column":48},"end":{"line":25,"column":60}}],"line":25},"1":{"loc":{"start":{"line":29,"column":11},"end":{"line":35,"column":20}},"type":"cond-expr","locations":[{"start":{"line":30,"column":6},"end":{"line":35,"column":13}},{"start":{"line":35,"column":16},"end":{"line":35,"column":20}}],"line":29}},"s":{"0":0,"1":0,"2":0,"3":0,"4":0,"5":0,"6":0,"7":0,"8":0,"9":0,"10":0},"f":{"0":0,"1":0,"2":0,"3":0},"b":{"0":[0,0],"1":[0,0]}}
,"/Users/ozzy_chel/Projects/iMovieRate/components/MovieView_comp/RatingsBlock.js": {"path":"/Users/ozzy_chel/Projects/iMovieRate/components/MovieView_comp/RatingsBlock.js","statementMap":{"0":{"start":{"line":4,"column":21},"end":{"line":66,"column":1}},"1":{"start":{"line":6,"column":28},"end":{"line":20,"column":3}},"2":{"start":{"line":7,"column":17},"end":{"line":7,"column":22}},"3":{"start":{"line":8,"column":4},"end":{"line":19,"column":5}},"4":{"start":{"line":9,"column":6},"end":{"line":9,"column":34}},"5":{"start":{"line":11,"column":6},"end":{"line":17,"column":7}},"6":{"start":{"line":12,"column":8},"end":{"line":16,"column":9}},"7":{"start":{"line":12,"column":21},"end":{"line":12,"column":22}},"8":{"start":{"line":13,"column":10},"end":{"line":15,"column":11}},"9":{"start":{"line":14,"column":12},"end":{"line":14,"column":50}},"10":{"start":{"line":18,"column":6},"end":{"line":18,"column":61}},"11":{"start":{"line":22,"column":4},"end":{"line":65,"column":5}},"12":{"start":{"line":68,"column":15},"end":{"line":117,"column":2}}},"fnMap":{"0":{"name":"(anonymous_0)","decl":{"start":{"line":4,"column":21},"end":{"line":4,"column":22}},"loc":{"start":{"line":4,"column":41},"end":{"line":66,"column":1}},"line":4},"1":{"name":"(anonymous_1)","decl":{"start":{"line":6,"column":28},"end":{"line":6,"column":29}},"loc":{"start":{"line":6,"column":39},"end":{"line":20,"column":3}},"line":6}},"branchMap":{"0":{"loc":{"start":{"line":8,"column":4},"end":{"line":19,"column":5}},"type":"if","locations":[{"start":{"line":8,"column":4},"end":{"line":19,"column":5}},{"start":{"line":8,"column":4},"end":{"line":19,"column":5}}],"line":8},"1":{"loc":{"start":{"line":11,"column":6},"end":{"line":17,"column":7}},"type":"if","locations":[{"start":{"line":11,"column":6},"end":{"line":17,"column":7}},{"start":{"line":11,"column":6},"end":{"line":17,"column":7}}],"line":11},"2":{"loc":{"start":{"line":11,"column":10},"end":{"line":11,"column":57}},"type":"binary-expr","locations":[{"start":{"line":11,"column":10},"end":{"line":11,"column":26}},{"start":{"line":11,"column":30},"end":{"line":11,"column":57}}],"line":11},"3":{"loc":{"start":{"line":13,"column":10},"end":{"line":15,"column":11}},"type":"if","locations":[{"start":{"line":13,"column":10},"end":{"line":15,"column":11}},{"start":{"line":13,"column":10},"end":{"line":15,"column":11}}],"line":13},"4":{"loc":{"start":{"line":36,"column":15},"end":{"line":36,"column":78}},"type":"cond-expr","locations":[{"start":{"line":36,"column":39},"end":{"line":36,"column":70}},{"start":{"line":36,"column":73},"end":{"line":36,"column":78}}],"line":36},"5":{"loc":{"start":{"line":44,"column":15},"end":{"line":44,"column":72}},"type":"cond-expr","locations":[{"start":{"line":44,"column":41},"end":{"line":44,"column":64}},{"start":{"line":44,"column":67},"end":{"line":44,"column":72}}],"line":44}},"s":{"0":0,"1":0,"2":0,"3":0,"4":0,"5":0,"6":0,"7":0,"8":0,"9":0,"10":0,"11":0,"12":0},"f":{"0":0,"1":0},"b":{"0":[0,0],"1":[0,0],"2":[0,0],"3":[0,0],"4":[0,0],"5":[0,0]}}
,"/Users/ozzy_chel/Projects/iMovieRate/components/MovieView_comp/TrailerBlock.js": {"path":"/Users/ozzy_chel/Projects/iMovieRate/components/MovieView_comp/TrailerBlock.js","statementMap":{"0":{"start":{"line":5,"column":21},"end":{"line":34,"column":1}},"1":{"start":{"line":6,"column":22},"end":{"line":6,"column":52}},"2":{"start":{"line":7,"column":2},"end":{"line":33,"column":11}},"3":{"start":{"line":36,"column":15},"end":{"line":62,"column":2}}},"fnMap":{"0":{"name":"(anonymous_0)","decl":{"start":{"line":5,"column":21},"end":{"line":5,"column":22}},"loc":{"start":{"line":5,"column":43},"end":{"line":34,"column":1}},"line":5}},"branchMap":{"0":{"loc":{"start":{"line":7,"column":9},"end":{"line":33,"column":10}},"type":"cond-expr","locations":[{"start":{"line":8,"column":4},"end":{"line":32,"column":11}},{"start":{"line":33,"column":6},"end":{"line":33,"column":10}}],"line":7},"1":{"loc":{"start":{"line":20,"column":23},"end":{"line":20,"column":58}},"type":"cond-expr","locations":[{"start":{"line":20,"column":52},"end":{"line":20,"column":54}},{"start":{"line":20,"column":57},"end":{"line":20,"column":58}}],"line":20}},"s":{"0":0,"1":0,"2":0,"3":0},"f":{"0":0},"b":{"0":[0,0],"1":[0,0]}}
,"/Users/ozzy_chel/Projects/iMovieRate/components/helperFunctions/MovieCarousel.js": {"path":"/Users/ozzy_chel/Projects/iMovieRate/components/helperFunctions/MovieCarousel.js","statementMap":{"0":{"start":{"line":5,"column":22},"end":{"line":84,"column":1}},"1":{"start":{"line":7,"column":17},"end":{"line":7,"column":34}},"2":{"start":{"line":8,"column":2},"end":{"line":12,"column":17}},"3":{"start":{"line":9,"column":4},"end":{"line":11,"column":5}},"4":{"start":{"line":10,"column":6},"end":{"line":10,"column":54}},"5":{"start":{"line":14,"column":2},"end":{"line":83,"column":10}},"6":{"start":{"line":38,"column":10},"end":{"line":78,"column":11}},"7":{"start":{"line":42,"column":18},"end":{"line":42,"column":45}},"8":{"start":{"line":43,"column":18},"end":{"line":43,"column":43}},"9":{"start":{"line":86,"column":15},"end":{"line":216,"column":2}}},"fnMap":{"0":{"name":"(anonymous_0)","decl":{"start":{"line":5,"column":22},"end":{"line":5,"column":23}},"loc":{"start":{"line":5,"column":87},"end":{"line":84,"column":1}},"line":5},"1":{"name":"(anonymous_1)","decl":{"start":{"line":8,"column":12},"end":{"line":8,"column":13}},"loc":{"start":{"line":8,"column":18},"end":{"line":12,"column":3}},"line":8},"2":{"name":"(anonymous_2)","decl":{"start":{"line":37,"column":23},"end":{"line":37,"column":24}},"loc":{"start":{"line":37,"column":37},"end":{"line":79,"column":7}},"line":37},"3":{"name":"(anonymous_3)","decl":{"start":{"line":41,"column":25},"end":{"line":41,"column":26}},"loc":{"start":{"line":41,"column":31},"end":{"line":44,"column":17}},"line":41}},"branchMap":{"0":{"loc":{"start":{"line":9,"column":4},"end":{"line":11,"column":5}},"type":"if","locations":[{"start":{"line":9,"column":4},"end":{"line":11,"column":5}},{"start":{"line":9,"column":4},"end":{"line":11,"column":5}}],"line":9},"1":{"loc":{"start":{"line":14,"column":9},"end":{"line":83,"column":10}},"type":"cond-expr","locations":[{"start":{"line":15,"column":4},"end":{"line":82,"column":11}},{"start":{"line":83,"column":6},"end":{"line":83,"column":10}}],"line":14},"2":{"loc":{"start":{"line":58,"column":29},"end":{"line":58,"column":109}},"type":"cond-expr","locations":[{"start":{"line":58,"column":55},"end":{"line":58,"column":78}},{"start":{"line":58,"column":81},"end":{"line":58,"column":109}}],"line":58},"3":{"loc":{"start":{"line":67,"column":23},"end":{"line":67,"column":78}},"type":"cond-expr","locations":[{"start":{"line":67,"column":44},"end":{"line":67,"column":73}},{"start":{"line":67,"column":76},"end":{"line":67,"column":78}}],"line":67},"4":{"loc":{"start":{"line":71,"column":21},"end":{"line":71,"column":90}},"type":"cond-expr","locations":[{"start":{"line":71,"column":37},"end":{"line":71,"column":82}},{"start":{"line":71,"column":86},"end":{"line":71,"column":90}}],"line":71}},"s":{"0":0,"1":0,"2":0,"3":0,"4":0,"5":0,"6":0,"7":0,"8":0,"9":0},"f":{"0":0,"1":0,"2":0,"3":0},"b":{"0":[0,0],"1":[0,0],"2":[0,0],"3":[0,0],"4":[0,0]}}
,"/Users/ozzy_chel/Projects/iMovieRate/components/helperFunctions/RenderImage.js": {"path":"/Users/ozzy_chel/Projects/iMovieRate/components/helperFunctions/RenderImage.js","statementMap":{"0":{"start":{"line":6,"column":36},"end":{"line":6,"column":51}},"1":{"start":{"line":7,"column":19},"end":{"line":7,"column":39}},"2":{"start":{"line":9,"column":22},"end":{"line":25,"column":3}},"3":{"start":{"line":10,"column":4},"end":{"line":24,"column":5}},"4":{"start":{"line":27,"column":4},"end":{"line":40,"column":5}},"5":{"start":{"line":34,"column":32},"end":{"line":34,"column":50}},"6":{"start":{"line":35,"column":30},"end":{"line":35,"column":49}}},"fnMap":{"0":{"name":"RenderImage","decl":{"start":{"line":4,"column":9},"end":{"line":4,"column":20}},"loc":{"start":{"line":4,"column":199},"end":{"line":41,"column":3}},"line":4},"1":{"name":"(anonymous_1)","decl":{"start":{"line":9,"column":22},"end":{"line":9,"column":23}},"loc":{"start":{"line":9,"column":28},"end":{"line":25,"column":3}},"line":9},"2":{"name":"(anonymous_2)","decl":{"start":{"line":34,"column":24},"end":{"line":34,"column":25}},"loc":{"start":{"line":34,"column":30},"end":{"line":34,"column":52}},"line":34},"3":{"name":"(anonymous_3)","decl":{"start":{"line":35,"column":22},"end":{"line":35,"column":23}},"loc":{"start":{"line":35,"column":28},"end":{"line":36,"column":11}},"line":35}},"branchMap":{"0":{"loc":{"start":{"line":4,"column":96},"end":{"line":4,"column":115}},"type":"default-arg","locations":[{"start":{"line":4,"column":108},"end":{"line":4,"column":115}}],"line":4},"1":{"loc":{"start":{"line":4,"column":117},"end":{"line":4,"column":139}},"type":"default-arg","locations":[{"start":{"line":4,"column":130},"end":{"line":4,"column":139}}],"line":4},"2":{"loc":{"start":{"line":4,"column":141},"end":{"line":4,"column":160}},"type":"default-arg","locations":[{"start":{"line":4,"column":151},"end":{"line":4,"column":160}}],"line":4},"3":{"loc":{"start":{"line":28,"column":19},"end":{"line":28,"column":66}},"type":"cond-expr","locations":[{"start":{"line":28,"column":30},"end":{"line":28,"column":45}},{"start":{"line":28,"column":48},"end":{"line":28,"column":66}}],"line":28},"4":{"loc":{"start":{"line":31,"column":12},"end":{"line":31,"column":65}},"type":"cond-expr","locations":[{"start":{"line":31,"column":23},"end":{"line":31,"column":52}},{"start":{"line":31,"column":55},"end":{"line":31,"column":65}}],"line":31},"5":{"loc":{"start":{"line":33,"column":17},"end":{"line":33,"column":56}},"type":"cond-expr","locations":[{"start":{"line":33,"column":28},"end":{"line":33,"column":39}},{"start":{"line":33,"column":42},"end":{"line":33,"column":56}}],"line":33},"6":{"loc":{"start":{"line":38,"column":11},"end":{"line":38,"column":38}},"type":"binary-expr","locations":[{"start":{"line":38,"column":11},"end":{"line":38,"column":20}},{"start":{"line":38,"column":24},"end":{"line":38,"column":38}}],"line":38}},"s":{"0":0,"1":0,"2":0,"3":0,"4":0,"5":0,"6":0},"f":{"0":0,"1":0,"2":0,"3":0},"b":{"0":[0],"1":[0],"2":[0],"3":[0,0],"4":[0,0],"5":[0,0],"6":[0,0]}}
,"/Users/ozzy_chel/Projects/iMovieRate/components/helperFunctions/serverRequests.js": {"path":"/Users/ozzy_chel/Projects/iMovieRate/components/helperFunctions/serverRequests.js","statementMap":{"0":{"start":{"line":4,"column":15},"end":{"line":6,"column":2}},"1":{"start":{"line":8,"column":20},"end":{"line":16,"column":1}},"2":{"start":{"line":9,"column":2},"end":{"line":15,"column":3}},"3":{"start":{"line":10,"column":21},"end":{"line":10,"column":62}},"4":{"start":{"line":11,"column":4},"end":{"line":11,"column":35}},"5":{"start":{"line":13,"column":4},"end":{"line":13,"column":46}},"6":{"start":{"line":14,"column":4},"end":{"line":14,"column":14}},"7":{"start":{"line":18,"column":18},"end":{"line":31,"column":1}},"8":{"start":{"line":19,"column":2},"end":{"line":30,"column":3}},"9":{"start":{"line":20,"column":14},"end":{"line":27,"column":6}},"10":{"start":{"line":24,"column":48},"end":{"line":24,"column":52}},"11":{"start":{"line":29,"column":4},"end":{"line":29,"column":44}},"12":{"start":{"line":33,"column":23},"end":{"line":41,"column":1}},"13":{"start":{"line":34,"column":2},"end":{"line":40,"column":3}},"14":{"start":{"line":35,"column":14},"end":{"line":37,"column":6}},"15":{"start":{"line":39,"column":4},"end":{"line":39,"column":46}},"16":{"start":{"line":43,"column":22},"end":{"line":53,"column":1}},"17":{"start":{"line":44,"column":2},"end":{"line":52,"column":3}},"18":{"start":{"line":45,"column":21},"end":{"line":47,"column":6}},"19":{"start":{"line":48,"column":4},"end":{"line":48,"column":25}},"20":{"start":{"line":50,"column":4},"end":{"line":50,"column":48}},"21":{"start":{"line":51,"column":4},"end":{"line":51,"column":14}},"22":{"start":{"line":55,"column":20},"end":{"line":68,"column":1}},"23":{"start":{"line":56,"column":2},"end":{"line":67,"column":3}},"24":{"start":{"line":57,"column":21},"end":{"line":62,"column":6}},"25":{"start":{"line":63,"column":4},"end":{"line":63,"column":25}},"26":{"start":{"line":65,"column":4},"end":{"line":65,"column":46}},"27":{"start":{"line":66,"column":4},"end":{"line":66,"column":14}},"28":{"start":{"line":70,"column":22},"end":{"line":80,"column":1}},"29":{"start":{"line":71,"column":2},"end":{"line":79,"column":3}},"30":{"start":{"line":72,"column":21},"end":{"line":74,"column":6}},"31":{"start":{"line":75,"column":4},"end":{"line":75,"column":25}},"32":{"start":{"line":77,"column":4},"end":{"line":77,"column":48}},"33":{"start":{"line":78,"column":4},"end":{"line":78,"column":14}},"34":{"start":{"line":82,"column":25},"end":{"line":92,"column":1}},"35":{"start":{"line":83,"column":2},"end":{"line":91,"column":3}},"36":{"start":{"line":84,"column":21},"end":{"line":86,"column":6}},"37":{"start":{"line":87,"column":4},"end":{"line":87,"column":25}},"38":{"start":{"line":89,"column":4},"end":{"line":89,"column":51}},"39":{"start":{"line":90,"column":4},"end":{"line":90,"column":14}},"40":{"start":{"line":94,"column":30},"end":{"line":104,"column":1}},"41":{"start":{"line":95,"column":2},"end":{"line":103,"column":3}},"42":{"start":{"line":96,"column":16},"end":{"line":98,"column":6}},"43":{"start":{"line":99,"column":4},"end":{"line":99,"column":70}},"44":{"start":{"line":101,"column":4},"end":{"line":101,"column":56}},"45":{"start":{"line":102,"column":4},"end":{"line":102,"column":22}},"46":{"start":{"line":106,"column":27},"end":{"line":116,"column":1}},"47":{"start":{"line":107,"column":2},"end":{"line":115,"column":3}},"48":{"start":{"line":108,"column":21},"end":{"line":110,"column":6}},"49":{"start":{"line":111,"column":4},"end":{"line":111,"column":25}},"50":{"start":{"line":113,"column":4},"end":{"line":113,"column":53}},"51":{"start":{"line":114,"column":4},"end":{"line":114,"column":14}},"52":{"start":{"line":118,"column":24},"end":{"line":128,"column":1}},"53":{"start":{"line":119,"column":2},"end":{"line":127,"column":3}},"54":{"start":{"line":120,"column":21},"end":{"line":122,"column":6}},"55":{"start":{"line":123,"column":4},"end":{"line":123,"column":25}},"56":{"start":{"line":125,"column":4},"end":{"line":125,"column":50}},"57":{"start":{"line":126,"column":4},"end":{"line":126,"column":14}},"58":{"start":{"line":130,"column":21},"end":{"line":144,"column":1}},"59":{"start":{"line":131,"column":2},"end":{"line":143,"column":3}},"60":{"start":{"line":132,"column":14},"end":{"line":138,"column":6}},"61":{"start":{"line":139,"column":4},"end":{"line":139,"column":52}},"62":{"start":{"line":141,"column":4},"end":{"line":141,"column":47}},"63":{"start":{"line":142,"column":4},"end":{"line":142,"column":18}},"64":{"start":{"line":146,"column":23},"end":{"line":162,"column":1}},"65":{"start":{"line":147,"column":2},"end":{"line":161,"column":3}},"66":{"start":{"line":148,"column":16},"end":{"line":156,"column":6}},"67":{"start":{"line":157,"column":4},"end":{"line":157,"column":20}},"68":{"start":{"line":159,"column":4},"end":{"line":159,"column":50}},"69":{"start":{"line":160,"column":4},"end":{"line":160,"column":14}},"70":{"start":{"line":164,"column":24},"end":{"line":174,"column":1}},"71":{"start":{"line":165,"column":2},"end":{"line":173,"column":3}},"72":{"start":{"line":166,"column":21},"end":{"line":168,"column":6}},"73":{"start":{"line":169,"column":4},"end":{"line":169,"column":25}},"74":{"start":{"line":171,"column":4},"end":{"line":171,"column":50}},"75":{"start":{"line":172,"column":4},"end":{"line":172,"column":14}},"76":{"start":{"line":176,"column":0},"end":{"line":190,"column":2}}},"fnMap":{"0":{"name":"(anonymous_0)","decl":{"start":{"line":8,"column":20},"end":{"line":8,"column":21}},"loc":{"start":{"line":8,"column":32},"end":{"line":16,"column":1}},"line":8},"1":{"name":"(anonymous_1)","decl":{"start":{"line":18,"column":18},"end":{"line":18,"column":19}},"loc":{"start":{"line":18,"column":40},"end":{"line":31,"column":1}},"line":18},"2":{"name":"(anonymous_2)","decl":{"start":{"line":24,"column":41},"end":{"line":24,"column":42}},"loc":{"start":{"line":24,"column":48},"end":{"line":24,"column":52}},"line":24},"3":{"name":"(anonymous_3)","decl":{"start":{"line":33,"column":23},"end":{"line":33,"column":24}},"loc":{"start":{"line":33,"column":42},"end":{"line":41,"column":1}},"line":33},"4":{"name":"(anonymous_4)","decl":{"start":{"line":43,"column":22},"end":{"line":43,"column":23}},"loc":{"start":{"line":43,"column":34},"end":{"line":53,"column":1}},"line":43},"5":{"name":"(anonymous_5)","decl":{"start":{"line":55,"column":20},"end":{"line":55,"column":21}},"loc":{"start":{"line":55,"column":52},"end":{"line":68,"column":1}},"line":55},"6":{"name":"(anonymous_6)","decl":{"start":{"line":70,"column":22},"end":{"line":70,"column":23}},"loc":{"start":{"line":70,"column":42},"end":{"line":80,"column":1}},"line":70},"7":{"name":"(anonymous_7)","decl":{"start":{"line":82,"column":25},"end":{"line":82,"column":26}},"loc":{"start":{"line":82,"column":39},"end":{"line":92,"column":1}},"line":82},"8":{"name":"(anonymous_8)","decl":{"start":{"line":94,"column":30},"end":{"line":94,"column":31}},"loc":{"start":{"line":94,"column":49},"end":{"line":104,"column":1}},"line":94},"9":{"name":"(anonymous_9)","decl":{"start":{"line":106,"column":27},"end":{"line":106,"column":28}},"loc":{"start":{"line":106,"column":46},"end":{"line":116,"column":1}},"line":106},"10":{"name":"(anonymous_10)","decl":{"start":{"line":118,"column":24},"end":{"line":118,"column":25}},"loc":{"start":{"line":118,"column":38},"end":{"line":128,"column":1}},"line":118},"11":{"name":"(anonymous_11)","decl":{"start":{"line":130,"column":21},"end":{"line":130,"column":22}},"loc":{"start":{"line":130,"column":53},"end":{"line":144,"column":1}},"line":130},"12":{"name":"(anonymous_12)","decl":{"start":{"line":146,"column":23},"end":{"line":146,"column":24}},"loc":{"start":{"line":146,"column":64},"end":{"line":162,"column":1}},"line":146},"13":{"name":"(anonymous_13)","decl":{"start":{"line":164,"column":24},"end":{"line":164,"column":25}},"loc":{"start":{"line":164,"column":38},"end":{"line":174,"column":1}},"line":164}},"branchMap":{},"s":{"0":0,"1":0,"2":0,"3":0,"4":0,"5":0,"6":0,"7":0,"8":0,"9":0,"10":0,"11":0,"12":0,"13":0,"14":0,"15":0,"16":0,"17":0,"18":0,"19":0,"20":0,"21":0,"22":0,"23":0,"24":0,"25":0,"26":0,"27":0,"28":0,"29":0,"30":0,"31":0,"32":0,"33":0,"34":0,"35":0,"36":0,"37":0,"38":0,"39":0,"40":0,"41":0,"42":0,"43":0,"44":0,"45":0,"46":0,"47":0,"48":0,"49":0,"50":0,"51":0,"52":0,"53":0,"54":0,"55":0,"56":0,"57":0,"58":0,"59":0,"60":0,"61":0,"62":0,"63":0,"64":0,"65":0,"66":0,"67":0,"68":0,"69":0,"70":0,"71":0,"72":0,"73":0,"74":0,"75":0,"76":0},"f":{"0":0,"1":0,"2":0,"3":0,"4":0,"5":0,"6":0,"7":0,"8":0,"9":0,"10":0,"11":0,"12":0,"13":0},"b":{}}
}
